[ 2016-11-26T09:05:38+08:00 ] ERR: (ThinkException) La table 'wg_pt.pigcms_goods' n'existe pas
 [ SQL语句 ] : SHOW COLUMNS FROM `pigcms_goods`
[ 2016-11-26T09:06:53+08:00 ] ERR: (ThinkException) Erreur de syntaxe près de 'ON Pt_order_goods.order_id=Order.order_id' à la ligne 1
 [ SQL语句 ] : SELECT * FROM Pt_order_info Order ON Pt_order_goods.order_id=Order.order_id 
[ 2016-11-26T09:07:16+08:00 ] ERR: (ThinkException) La table 'wg_pt.pigcms_goods' n'existe pas
 [ SQL语句 ] : SHOW COLUMNS FROM `pigcms_goods`
[ 2016-11-26T09:07:19+08:00 ] ERR: (ThinkException) La table 'wg_pt.pigcms_goods' n'existe pas
 [ SQL语句 ] : SHOW COLUMNS FROM `pigcms_goods`
[ 2016-11-26T09:07:20+08:00 ] ERR: (ThinkException) La table 'wg_pt.pigcms_goods' n'existe pas
 [ SQL语句 ] : SHOW COLUMNS FROM `pigcms_goods`
[ 2016-11-26T09:07:23+08:00 ] ERR: (ThinkException) Erreur de syntaxe près de 'ON Goods.order_id=Order.order_id' à la ligne 1
 [ SQL语句 ] : SELECT * FROM Pt_order_info Order ON Goods.order_id=Order.order_id 
[ 2016-11-26T09:07:27+08:00 ] ERR: (ThinkException) La table 'wg_pt.pigcms_goods' n'existe pas
 [ SQL语句 ] : SHOW COLUMNS FROM `pigcms_goods`
[ 2016-11-26T09:07:30+08:00 ] ERR: (ThinkException) La table 'wg_pt.pigcms_goods' n'existe pas
 [ SQL语句 ] : SHOW COLUMNS FROM `pigcms_goods`
[ 2016-11-26T09:07:33+08:00 ] ERR: (ThinkException) La table 'wg_pt.pigcms_goods' n'existe pas
 [ SQL语句 ] : SHOW COLUMNS FROM `pigcms_goods`
[ 2016-11-26T09:07:34+08:00 ] ERR: (ThinkException) La table 'wg_pt.pigcms_goods' n'existe pas
 [ SQL语句 ] : SHOW COLUMNS FROM `pigcms_goods`
[ 2016-11-26T09:07:34+08:00 ] ERR: (ThinkException) La table 'wg_pt.pigcms_goods' n'existe pas
 [ SQL语句 ] : SHOW COLUMNS FROM `pigcms_goods`
[ 2016-11-26T09:07:38+08:00 ] ERR: (ThinkException) La table 'wg_pt.pigcms_goods' n'existe pas
 [ SQL语句 ] : SHOW COLUMNS FROM `pigcms_goods`
[ 2016-11-26T09:07:43+08:00 ] ERR: (ThinkException) Erreur de syntaxe près de 'ON Goods.order_id=Order.order_id' à la ligne 1
 [ SQL语句 ] : SELECT * FROM Pt_order_info Order ON Goods.order_id=Order.order_id 
[ 2016-11-26T09:07:44+08:00 ] ERR: (ThinkException) Erreur de syntaxe près de 'ON Goods.order_id=Order.order_id' à la ligne 1
 [ SQL语句 ] : SELECT * FROM Pt_order_info Order ON Goods.order_id=Order.order_id 
[ 2016-11-26T09:08:01+08:00 ] ERR: (ThinkException) La table 'wg_pt.pigcms_goods' n'existe pas
 [ SQL语句 ] : SHOW COLUMNS FROM `pigcms_goods`
[ 2016-11-26T09:08:02+08:00 ] ERR: (ThinkException) La table 'wg_pt.pigcms_goods' n'existe pas
 [ SQL语句 ] : SHOW COLUMNS FROM `pigcms_goods`
[ 2016-11-26T09:08:30+08:00 ] ERR: (ThinkException) La table 'wg_pt.pigcms_goods' n'existe pas
 [ SQL语句 ] : SHOW COLUMNS FROM `pigcms_goods`
[ 2016-11-26T09:08:30+08:00 ] ERR: (ThinkException) La table 'wg_pt.pigcms_goods' n'existe pas
 [ SQL语句 ] : SHOW COLUMNS FROM `pigcms_goods`
[ 2016-11-26T09:08:42+08:00 ] ERR: (ThinkException) La table 'wg_pt.pigcms_goods' n'existe pas
 [ SQL语句 ] : SHOW COLUMNS FROM `pigcms_goods`
[ 2016-11-26T09:08:43+08:00 ] ERR: (ThinkException) La table 'wg_pt.pigcms_goods' n'existe pas
 [ SQL语句 ] : SHOW COLUMNS FROM `pigcms_goods`
[ 2016-11-26T09:08:43+08:00 ] ERR: (ThinkException) La table 'wg_pt.pigcms_goods' n'existe pas
 [ SQL语句 ] : SHOW COLUMNS FROM `pigcms_goods`
[ 2016-11-26T09:08:43+08:00 ] ERR: (ThinkException) La table 'wg_pt.pigcms_goods' n'existe pas
 [ SQL语句 ] : SHOW COLUMNS FROM `pigcms_goods`
[ 2016-11-26T09:09:06+08:00 ] ERR: (ThinkException) La table 'wg_pt.pigcms_goods' n'existe pas
 [ SQL语句 ] : SHOW COLUMNS FROM `pigcms_goods`
[ 2016-11-26T09:09:10+08:00 ] ERR: (ThinkException) Erreur de syntaxe près de 'ON Pt_order_goods.order_id=Order.order_id' à la ligne 1
 [ SQL语句 ] : SELECT * FROM Pt_order_info Pt_order_info ON Pt_order_goods.order_id=Order.order_id 
[ 2016-11-26T09:09:26+08:00 ] ERR: (ThinkException) Erreur de syntaxe près de 'ON pt_order_goods.order_id=Order.order_id' à la ligne 1
 [ SQL语句 ] : SELECT * FROM Pt_order_info Pt_order_info ON pt_order_goods.order_id=Order.order_id 
[ 2016-11-26T09:09:34+08:00 ] ERR: (ThinkException) Erreur de syntaxe près de 'ON pt_order_goods.order_id=Pt_order_info.order_id' à la ligne 1
 [ SQL语句 ] : SELECT * FROM Pt_order_info Pt_order_info ON pt_order_goods.order_id=Pt_order_info.order_id 
[ 2016-11-26T09:09:34+08:00 ] ERR: (ThinkException) Erreur de syntaxe près de 'ON pt_order_goods.order_id=Pt_order_info.order_id' à la ligne 1
 [ SQL语句 ] : SELECT * FROM Pt_order_info Pt_order_info ON pt_order_goods.order_id=Pt_order_info.order_id 
[ 2016-11-26T09:10:07+08:00 ] ERR: (ThinkException) Erreur de syntaxe près de 'ON pigcms_pt_order_goods.order_id=pigcms_order_info.order_id' à la ligne 1
 [ SQL语句 ] : SELECT * FROM Pt_order_info Pt_order_info ON pigcms_pt_order_goods.order_id=pigcms_order_info.order_id 
[ 2016-11-26T09:10:08+08:00 ] ERR: (ThinkException) Erreur de syntaxe près de 'ON pigcms_pt_order_goods.order_id=pigcms_order_info.order_id' à la ligne 1
 [ SQL语句 ] : SELECT * FROM Pt_order_info Pt_order_info ON pigcms_pt_order_goods.order_id=pigcms_order_info.order_id 
[ 2016-11-26T09:23:20+08:00 ] ERR: (ThinkException) La table 'wg_pt.pigcms_blog' n'existe pas
 [ SQL语句 ] : SHOW COLUMNS FROM `pigcms_blog`
[ 2016-11-26T09:24:00+08:00 ] ERR: (ThinkException) La table 'wg_pt.pigcms_goods' n'existe pas
 [ SQL语句 ] : SHOW COLUMNS FROM `pigcms_goods`
[ 2016-11-26T09:27:05+08:00 ] ERR: (ThinkException) Erreur de syntaxe près de 'WHERE Goods.order_id=Order.order_id' à la ligne 1
 [ SQL语句 ] : SELECT * FROM Pt_order_goods Goods,Pt_order_info Order WHERE Goods.order_id=Order.order_id 
[ 2016-11-26T09:27:34+08:00 ] ERR: (ThinkException) Erreur de syntaxe près de 'WHERE Goods.order_id=Order.order_id' à la ligne 1
 [ SQL语句 ] : SELECT * FROM Pt_order_goods as Goods,Pt_order_info Order WHERE Goods.order_id=Order.order_id 
[ 2016-11-26T09:27:35+08:00 ] ERR: (ThinkException) Erreur de syntaxe près de 'WHERE Goods.order_id=Order.order_id' à la ligne 1
 [ SQL语句 ] : SELECT * FROM Pt_order_goods as Goods,Pt_order_info Order WHERE Goods.order_id=Order.order_id 
[ 2016-11-26T09:27:44+08:00 ] ERR: (ThinkException) Erreur de syntaxe près de 'Order WHERE Goods.order_id=Order.order_id' à la ligne 1
 [ SQL语句 ] : SELECT * FROM Pt_order_goods as Goods,Pt_order_info as Order WHERE Goods.order_id=Order.order_id 
[ 2016-11-26T09:27:56+08:00 ] ERR: (ThinkException) La table 'wg_pt.pt_order_goods' n'existe pas
 [ SQL语句 ] : SELECT * FROM `Pt_order_goods`,`Pt_order_info` WHERE Pt_order_goods.order_id=Pt_order_info.order_id 
[ 2016-11-26T13:12:24+08:00 ] ERR: (ThinkException) La table 'wg_pt.pigcms_pt_user' n'existe pas
 [ SQL语句 ] : SHOW COLUMNS FROM `pigcms_pt_user`
[ 2016-11-26T13:12:50+08:00 ] ERR: 发生错误：错误代码40003,微信返回错误信息：invalid openid hint: [RmvEbA0323ge14]openid=
[ 2016-11-26T13:13:43+08:00 ] ERR: 发生错误：错误代码40003,微信返回错误信息：invalid openid hint: [f_Mv80376zbg9]openid=
[ 2016-11-26T14:22:08+08:00 ] ERR: 发生错误：错误代码40003,微信返回错误信息：invalid openid hint: [xTJCra0480ge17]openid=
[ 2016-11-26T14:22:08+08:00 ] ERR: 发生错误：错误代码40003,微信返回错误信息：invalid openid hint: [vskY30481age9]openid=
[ 2016-11-26T14:22:08+08:00 ] ERR: 发生错误：错误代码40003,微信返回错误信息：invalid openid hint: [6ZCMba0481ge12]openid=
[ 2016-11-26T14:23:35+08:00 ] ERR: 发生错误：错误代码40003,微信返回错误信息：invalid openid hint: [0j1jea0567ge12]openid=
[ 2016-11-26T14:23:42+08:00 ] ERR: (ThinkException) Erreur de syntaxe près de '`sales_num`=sales_num+ WHERE ( `goods_id` = null )' à la ligne 1
 [ SQL语句 ] : UPDATE `pigcms_pt_goods` SET `goods_number`=goods_number-,`sales_num`=sales_num+ WHERE ( `goods_id` = null )
[ 2016-11-26T14:24:39+08:00 ] ERR: 发生错误：错误代码40003,微信返回错误信息：invalid openid hint: [0RTlia0632age8]openid=
[ 2016-11-26T14:24:39+08:00 ] ERR: 发生错误：错误代码40003,微信返回错误信息：invalid openid hint: [L6iX60632ge13]openid=
[ 2016-11-26T14:24:39+08:00 ] ERR: 发生错误：错误代码40003,微信返回错误信息：invalid openid hint: [5UZXga0632ge14]openid=
[ 2016-11-26T14:24:51+08:00 ] ERR: 发生错误：错误代码40003,微信返回错误信息：invalid openid hint: [OMPgLa0644zbg9]openid=
[ 2016-11-26T14:25:01+08:00 ] ERR: 发生错误：错误代码40003,微信返回错误信息：invalid openid hint: [FGg9ia0653ge19]openid=
[ 2016-11-26T14:25:01+08:00 ] ERR: 发生错误：错误代码40003,微信返回错误信息：invalid openid hint: [WD90qA0654ge10]openid=
[ 2016-11-26T14:25:01+08:00 ] ERR: 发生错误：错误代码40003,微信返回错误信息：invalid openid hint: [fyS9IA0654ge12]openid=
